<?xml version="1.0" encoding="UTF-8"?>
<!-- Generated by org.testng.reporters.JUnitReportReporter -->
<testsuite skipped="0" hostname="ML-J5P86S2" name="DreamPackage.Dream11Project.HomePageTest" tests="1" failures="0" timestamp="27 Feb 2021 18:58:51 GMT" time="56.280" errors="0">
  <testcase name="footerActivity" time="56.280" classname="DreamPackage.Dream11Project.HomePageTest"/>
</testsuite> <!-- DreamPackage.Dream11Project.HomePageTest -->
