<?xml version="1.0" encoding="UTF-8"?>
<!-- Generated by org.testng.reporters.JUnitReportReporter -->
<testsuite skipped="0" hostname="ML-J5P86S2" name="DreamPackage.Dream11Project.LoginPageTest" tests="2" failures="0" timestamp="27 Feb 2021 18:58:51 GMT" time="21.478" errors="0">
  <testcase name="LoginViaGoogle" time="2.487" classname="DreamPackage.Dream11Project.LoginPageTest"/>
  <testcase name="loginActivity" time="18.991" classname="DreamPackage.Dream11Project.LoginPageTest"/>
</testsuite> <!-- DreamPackage.Dream11Project.LoginPageTest -->
