<?xml version="1.0" encoding="UTF-8"?>
<!-- Generated by org.testng.reporters.JUnitReportReporter -->
<testsuite skipped="0" hostname="ML-J5P86S2" name="DreamPackage.Dream11Project.HomePageTest" tests="1" failures="0" timestamp="30 Nov 2020 12:01:04 GMT" time="66.050" errors="0">
  <testcase name="footerActivity" time="66.050" classname="DreamPackage.Dream11Project.HomePageTest"/>
</testsuite> <!-- DreamPackage.Dream11Project.HomePageTest -->
