<?xml version="1.0" encoding="UTF-8"?>
<!-- Generated by org.testng.reporters.JUnitReportReporter -->
<testsuite skipped="0" hostname="ML-J5P86S2" name="DreamPackage.Dream11Project.LoginPageTest" tests="2" failures="0" timestamp="27 Nov 2020 14:04:30 GMT" time="27.259" errors="0">
  <testcase name="loginActivity" time="19.154" classname="DreamPackage.Dream11Project.LoginPageTest"/>
  <testcase name="LoginViaGoogle" time="8.105" classname="DreamPackage.Dream11Project.LoginPageTest"/>
</testsuite> <!-- DreamPackage.Dream11Project.LoginPageTest -->
